  [4;36;1mSQL (0.000446)[0m   [0;1mSET NAMES 'utf8'[0m
  [4;35;1mSQL (0.000166)[0m   [0mSET SQL_AUTO_IS_NULL=0[0m
  [4;36;1mSQL (0.000744)[0m   [0;1mSHOW TABLES[0m
  [4;35;1mSQL (0.000340)[0m   [0mSELECT version FROM schema_migrations[0m
  [4;36;1mSQL (0.000421)[0m   [0;1mSELECT version FROM schema_migrations[0m
  [4;35;1mSQL (0.000566)[0m   [0mSHOW TABLES[0m
  [4;36;1mSQL (0.075156)[0m   [0;1mSHOW FIELDS FROM `organisations`[0m
  [4;35;1mSQL (0.002288)[0m   [0mdescribe `organisations`[0m
  [4;36;1mSQL (0.000531)[0m   [0;1mSHOW KEYS FROM `organisations`[0m
  [4;35;1mSQL (0.002543)[0m   [0mSHOW FIELDS FROM `users`[0m
  [4;36;1mSQL (0.002597)[0m   [0;1mdescribe `users`[0m
  [4;35;1mSQL (0.005051)[0m   [0mSHOW KEYS FROM `users`[0m
  [4;36;1mSQL (0.000195)[0m   [0;1mSET NAMES 'utf8'[0m
  [4;35;1mSQL (0.000161)[0m   [0mSET SQL_AUTO_IS_NULL=0[0m
  [4;36;1mSQL (0.025252)[0m   [0;1mDROP DATABASE IF EXISTS `shade_test`[0m
  [4;35;1mSQL (0.000752)[0m   [0mCREATE DATABASE `shade_test` DEFAULT CHARACTER SET `utf8`[0m
  [4;36;1mSQL (0.000199)[0m   [0;1mSET NAMES 'utf8'[0m
  [4;35;1mSQL (0.000160)[0m   [0mSET SQL_AUTO_IS_NULL=0[0m
  [4;36;1mSQL (0.000000)[0m   [0;1mMysql::Error: Unknown table 'organisations': DROP TABLE `organisations`[0m
  [4;35;1mSQL (0.002824)[0m   [0mCREATE TABLE `organisations` (`id` int(11) DEFAULT NULL auto_increment PRIMARY KEY, `name` varchar(255) DEFAULT NULL, `address` varchar(255) DEFAULT NULL, `contact` varchar(255) DEFAULT NULL, `cell` varchar(255) DEFAULT NULL, `tel` varchar(255) DEFAULT NULL, `email` varchar(255) DEFAULT NULL, `created_at` datetime DEFAULT NULL, `updated_at` datetime DEFAULT NULL) ENGINE=InnoDB[0m
  [4;36;1mSQL (0.000000)[0m   [0;1mMysql::Error: Unknown table 'users': DROP TABLE `users`[0m
  [4;35;1mSQL (0.003276)[0m   [0mCREATE TABLE `users` (`id` int(11) DEFAULT NULL auto_increment PRIMARY KEY, `login` varchar(255) DEFAULT NULL, `email` varchar(255) DEFAULT NULL, `crypted_password` varchar(40) DEFAULT NULL, `salt` varchar(40) DEFAULT NULL, `remember_token` varchar(255) DEFAULT NULL, `remember_token_expires_at` datetime DEFAULT NULL, `activation_code` varchar(40) DEFAULT NULL, `reset_code` varchar(40) DEFAULT NULL, `activated_at` datetime DEFAULT NULL, `created_at` datetime DEFAULT NULL, `updated_at` datetime DEFAULT NULL) ENGINE=InnoDB[0m
  [4;36;1mSQL (0.000646)[0m   [0;1mSHOW TABLES[0m
  [4;35;1mSQL (0.002594)[0m   [0mCREATE TABLE `schema_migrations` (`version` varchar(255) NOT NULL) ENGINE=InnoDB[0m
  [4;36;1mSQL (0.006163)[0m   [0;1mCREATE UNIQUE INDEX `unique_schema_migrations` ON `schema_migrations` (`version`)[0m
  [4;35;1mSQL (0.000682)[0m   [0mSHOW TABLES[0m
  [4;36;1mSQL (0.000700)[0m   [0;1mSELECT version FROM `schema_migrations`[0m
  [4;35;1mSQL (0.000765)[0m   [0mINSERT INTO `schema_migrations` (version) VALUES ('20080525172532')[0m


Processing OrganisationsController#index (for 127.0.0.1 at 2008-05-25 21:20:22) [GET]
  Session ID: BAh7CToJdXNlcmkGOgxjc3JmX2lkIiUzNmM4ODgzMTI4ODUxMWFjM2I0NjEw%0ANTIwY2FkZjc3MyIKZmxhc2hJQzonQWN0aW9uQ29udHJvbGxlcjo6Rmxhc2g6%0AOkZsYXNoSGFzaHsABjoKQHVzZWR7ADoOcmV0dXJuX3RvMA%3D%3D--61d417246795e9c5c8f94c8a7a776b8aac7d38f3
  Parameters: {"action"=>"index", "controller"=>"organisations"}
  [4;36;1mSQL (0.000505)[0m   [0;1mSET NAMES 'utf8'[0m
  [4;35;1mSQL (0.001274)[0m   [0mSET SQL_AUTO_IS_NULL=0[0m
  [4;36;1mUser Columns (0.073469)[0m   [0;1mSHOW FIELDS FROM `users`[0m
  [4;35;1mUser Load (0.000571)[0m   [0mSELECT * FROM `users` WHERE (`users`.`id` = 1) LIMIT 1[0m
  [4;36;1mOrganisation Load (0.000494)[0m   [0;1mSELECT * FROM `organisations` [0m
Rendering template within layouts/application
Rendering organisations/index
  [4;35;1mOrganisation Columns (0.006125)[0m   [0mSHOW FIELDS FROM `organisations`[0m
Rendered layouts/_user_menu (0.00349)
Completed in 0.19066 (5 reqs/sec) | Rendering: 0.09129 (47%) | DB: 0.08244 (43%) | 200 OK [http://localhost/organisations]
  [4;36;1mSQL (0.000484)[0m   [0;1mSET NAMES 'utf8'[0m
  [4;35;1mSQL (0.000170)[0m   [0mSET SQL_AUTO_IS_NULL=0[0m
  [4;36;1mSQL (0.000750)[0m   [0;1mSHOW TABLES[0m
  [4;35;1mSQL (0.000344)[0m   [0mSELECT version FROM schema_migrations[0m
  [4;36;1mSQL (0.000415)[0m   [0;1mSELECT version FROM schema_migrations[0m
  [4;35;1mSQL (0.000589)[0m   [0mSHOW TABLES[0m
  [4;36;1mSQL (0.073744)[0m   [0;1mSHOW FIELDS FROM `organisations`[0m
  [4;35;1mSQL (0.002340)[0m   [0mdescribe `organisations`[0m
  [4;36;1mSQL (0.000537)[0m   [0;1mSHOW KEYS FROM `organisations`[0m
  [4;35;1mSQL (0.002582)[0m   [0mSHOW FIELDS FROM `users`[0m
  [4;36;1mSQL (0.002626)[0m   [0;1mdescribe `users`[0m
  [4;35;1mSQL (0.001478)[0m   [0mSHOW KEYS FROM `users`[0m
  [4;36;1mSQL (0.000194)[0m   [0;1mSET NAMES 'utf8'[0m
  [4;35;1mSQL (0.000160)[0m   [0mSET SQL_AUTO_IS_NULL=0[0m
  [4;36;1mSQL (0.005564)[0m   [0;1mDROP DATABASE IF EXISTS `shade_test`[0m
  [4;35;1mSQL (0.000624)[0m   [0mCREATE DATABASE `shade_test` DEFAULT CHARACTER SET `utf8`[0m
  [4;36;1mSQL (0.000202)[0m   [0;1mSET NAMES 'utf8'[0m
  [4;35;1mSQL (0.000160)[0m   [0mSET SQL_AUTO_IS_NULL=0[0m
  [4;36;1mSQL (0.000000)[0m   [0;1mMysql::Error: Unknown table 'organisations': DROP TABLE `organisations`[0m
  [4;35;1mSQL (0.025240)[0m   [0mCREATE TABLE `organisations` (`id` int(11) DEFAULT NULL auto_increment PRIMARY KEY, `name` varchar(255) DEFAULT NULL, `address` varchar(255) DEFAULT NULL, `contact` varchar(255) DEFAULT NULL, `cell` varchar(255) DEFAULT NULL, `tel` varchar(255) DEFAULT NULL, `email` varchar(255) DEFAULT NULL, `created_at` datetime DEFAULT NULL, `updated_at` datetime DEFAULT NULL) ENGINE=InnoDB[0m
  [4;36;1mSQL (0.000000)[0m   [0;1mMysql::Error: Unknown table 'users': DROP TABLE `users`[0m
  [4;35;1mSQL (0.003191)[0m   [0mCREATE TABLE `users` (`id` int(11) DEFAULT NULL auto_increment PRIMARY KEY, `login` varchar(255) DEFAULT NULL, `email` varchar(255) DEFAULT NULL, `crypted_password` varchar(40) DEFAULT NULL, `salt` varchar(40) DEFAULT NULL, `remember_token` varchar(255) DEFAULT NULL, `remember_token_expires_at` datetime DEFAULT NULL, `activation_code` varchar(40) DEFAULT NULL, `reset_code` varchar(40) DEFAULT NULL, `activated_at` datetime DEFAULT NULL, `created_at` datetime DEFAULT NULL, `updated_at` datetime DEFAULT NULL) ENGINE=InnoDB[0m
  [4;36;1mSQL (0.000639)[0m   [0;1mSHOW TABLES[0m
  [4;35;1mSQL (0.002262)[0m   [0mCREATE TABLE `schema_migrations` (`version` varchar(255) NOT NULL) ENGINE=InnoDB[0m
  [4;36;1mSQL (0.006324)[0m   [0;1mCREATE UNIQUE INDEX `unique_schema_migrations` ON `schema_migrations` (`version`)[0m
  [4;35;1mSQL (0.000625)[0m   [0mSHOW TABLES[0m
  [4;36;1mSQL (0.000635)[0m   [0;1mSELECT version FROM `schema_migrations`[0m
  [4;35;1mSQL (0.000708)[0m   [0mINSERT INTO `schema_migrations` (version) VALUES ('20080525172532')[0m
  [4;36;1mSQL (0.000440)[0m   [0;1mSET NAMES 'utf8'[0m
  [4;35;1mSQL (0.000165)[0m   [0mSET SQL_AUTO_IS_NULL=0[0m
  [4;36;1mSQL (0.000727)[0m   [0;1mSHOW TABLES[0m
  [4;35;1mSQL (0.000339)[0m   [0mSELECT version FROM schema_migrations[0m
  [4;36;1mSQL (0.000414)[0m   [0;1mSELECT version FROM schema_migrations[0m
  [4;35;1mSQL (0.000572)[0m   [0mSHOW TABLES[0m
  [4;36;1mSQL (0.079676)[0m   [0;1mSHOW FIELDS FROM `organisations`[0m
  [4;35;1mSQL (0.002317)[0m   [0mdescribe `organisations`[0m
  [4;36;1mSQL (0.000532)[0m   [0;1mSHOW KEYS FROM `organisations`[0m
  [4;35;1mSQL (0.002456)[0m   [0mSHOW FIELDS FROM `users`[0m
  [4;36;1mSQL (0.002582)[0m   [0;1mdescribe `users`[0m
  [4;35;1mSQL (0.001567)[0m   [0mSHOW KEYS FROM `users`[0m
  [4;36;1mSQL (0.000193)[0m   [0;1mSET NAMES 'utf8'[0m
  [4;35;1mSQL (0.000162)[0m   [0mSET SQL_AUTO_IS_NULL=0[0m
  [4;36;1mSQL (0.030508)[0m   [0;1mDROP DATABASE IF EXISTS `shade_test`[0m
  [4;35;1mSQL (0.000745)[0m   [0mCREATE DATABASE `shade_test` DEFAULT CHARACTER SET `utf8`[0m
  [4;36;1mSQL (0.000200)[0m   [0;1mSET NAMES 'utf8'[0m
  [4;35;1mSQL (0.000196)[0m   [0mSET SQL_AUTO_IS_NULL=0[0m
  [4;36;1mSQL (0.000000)[0m   [0;1mMysql::Error: Unknown table 'organisations': DROP TABLE `organisations`[0m
  [4;35;1mSQL (0.002817)[0m   [0mCREATE TABLE `organisations` (`id` int(11) DEFAULT NULL auto_increment PRIMARY KEY, `name` varchar(255) DEFAULT NULL, `address` varchar(255) DEFAULT NULL, `contact` varchar(255) DEFAULT NULL, `cell` varchar(255) DEFAULT NULL, `tel` varchar(255) DEFAULT NULL, `email` varchar(255) DEFAULT NULL, `created_at` datetime DEFAULT NULL, `updated_at` datetime DEFAULT NULL) ENGINE=InnoDB[0m
  [4;36;1mSQL (0.000000)[0m   [0;1mMysql::Error: Unknown table 'users': DROP TABLE `users`[0m
  [4;35;1mSQL (0.003219)[0m   [0mCREATE TABLE `users` (`id` int(11) DEFAULT NULL auto_increment PRIMARY KEY, `login` varchar(255) DEFAULT NULL, `email` varchar(255) DEFAULT NULL, `crypted_password` varchar(40) DEFAULT NULL, `salt` varchar(40) DEFAULT NULL, `remember_token` varchar(255) DEFAULT NULL, `remember_token_expires_at` datetime DEFAULT NULL, `activation_code` varchar(40) DEFAULT NULL, `reset_code` varchar(40) DEFAULT NULL, `activated_at` datetime DEFAULT NULL, `created_at` datetime DEFAULT NULL, `updated_at` datetime DEFAULT NULL) ENGINE=InnoDB[0m
  [4;36;1mSQL (0.000653)[0m   [0;1mSHOW TABLES[0m
  [4;35;1mSQL (0.002523)[0m   [0mCREATE TABLE `schema_migrations` (`version` varchar(255) NOT NULL) ENGINE=InnoDB[0m
  [4;36;1mSQL (0.006028)[0m   [0;1mCREATE UNIQUE INDEX `unique_schema_migrations` ON `schema_migrations` (`version`)[0m
  [4;35;1mSQL (0.000608)[0m   [0mSHOW TABLES[0m
  [4;36;1mSQL (0.000851)[0m   [0;1mSELECT version FROM `schema_migrations`[0m
  [4;35;1mSQL (0.000698)[0m   [0mINSERT INTO `schema_migrations` (version) VALUES ('20080525172532')[0m
